  [1m[35m (0.0ms)[0m  [1m[34mSELECT sqlite_version(*)[0m
  [1m[35m (10.1ms)[0m  [1m[35mCREATE TABLE "schema_migrations" ("version" varchar NOT NULL PRIMARY KEY)[0m
  [1m[35m (12.2ms)[0m  [1m[35mCREATE TABLE "ar_internal_metadata" ("key" varchar NOT NULL PRIMARY KEY, "value" varchar, "created_at" datetime NOT NULL, "updated_at" datetime NOT NULL)[0m
  [1m[35m (0.2ms)[0m  [1m[34mSELECT "schema_migrations"."version" FROM "schema_migrations" ORDER BY "schema_migrations"."version" ASC[0m
Migrating to DeviseCreateUsers (20180327015240)
  [1m[35m (0.1ms)[0m  [1m[36mbegin transaction[0m
  [1m[35m (0.5ms)[0m  [1m[35mCREATE TABLE "users" ("id" INTEGER PRIMARY KEY AUTOINCREMENT NOT NULL, "email" varchar DEFAULT '' NOT NULL, "encrypted_password" varchar DEFAULT '' NOT NULL, "reset_password_token" varchar, "reset_password_sent_at" datetime, "remember_created_at" datetime, "sign_in_count" integer DEFAULT 0 NOT NULL, "current_sign_in_at" datetime, "last_sign_in_at" datetime, "current_sign_in_ip" varchar, "last_sign_in_ip" varchar, "created_at" datetime NOT NULL, "updated_at" datetime NOT NULL)[0m
  [1m[35m (0.2ms)[0m  [1m[35mCREATE UNIQUE INDEX "index_users_on_email" ON "users" ("email")[0m
  [1m[35m (0.1ms)[0m  [1m[34m            SELECT sql
            FROM sqlite_master
            WHERE name='index_users_on_email' AND type='index'
            UNION ALL
            SELECT sql
            FROM sqlite_temp_master
            WHERE name='index_users_on_email' AND type='index'
[0m
  [1m[35m (0.2ms)[0m  [1m[35mCREATE UNIQUE INDEX "index_users_on_reset_password_token" ON "users" ("reset_password_token")[0m
  [1m[35mSQL (0.2ms)[0m  [1m[32mINSERT INTO "schema_migrations" ("version") VALUES (?)[0m  [["version", "20180327015240"]]
  [1m[35m (12.2ms)[0m  [1m[36mcommit transaction[0m
  [1m[36mActiveRecord::InternalMetadata Load (0.1ms)[0m  [1m[34mSELECT  "ar_internal_metadata".* FROM "ar_internal_metadata" WHERE "ar_internal_metadata"."key" = ? LIMIT ?[0m  [["key", "environment"], ["LIMIT", 1]]
  [1m[35m (0.0ms)[0m  [1m[36mbegin transaction[0m
  [1m[35mSQL (0.1ms)[0m  [1m[32mINSERT INTO "ar_internal_metadata" ("key", "value", "created_at", "updated_at") VALUES (?, ?, ?, ?)[0m  [["key", "environment"], ["value", "development"], ["created_at", "2018-03-27 01:54:03.639540"], ["updated_at", "2018-03-27 01:54:03.639540"]]
  [1m[35m (9.5ms)[0m  [1m[36mcommit transaction[0m
  [1m[35m (0.1ms)[0m  [1m[34mSELECT "schema_migrations"."version" FROM "schema_migrations" ORDER BY "schema_migrations"."version" ASC[0m
  [1m[35m (0.1ms)[0m  [1m[34m            SELECT sql
            FROM sqlite_master
            WHERE name='index_users_on_reset_password_token' AND type='index'
            UNION ALL
            SELECT sql
            FROM sqlite_temp_master
            WHERE name='index_users_on_reset_password_token' AND type='index'
[0m
  [1m[35m (0.1ms)[0m  [1m[34m            SELECT sql
            FROM sqlite_master
            WHERE name='index_users_on_email' AND type='index'
            UNION ALL
            SELECT sql
            FROM sqlite_temp_master
            WHERE name='index_users_on_email' AND type='index'
[0m
Started GET "/" for 127.0.0.1 at 2018-03-29 20:38:45 -0400
  [1m[35m (0.2ms)[0m  [1m[34mSELECT "schema_migrations"."version" FROM "schema_migrations" ORDER BY "schema_migrations"."version" ASC[0m
Processing by Rails::WelcomeController#index as HTML
  Rendering /home/jin/.rbenv/versions/2.5.0/lib/ruby/gems/2.5.0/gems/railties-5.1.5/lib/rails/templates/rails/welcome/index.html.erb
  Rendered /home/jin/.rbenv/versions/2.5.0/lib/ruby/gems/2.5.0/gems/railties-5.1.5/lib/rails/templates/rails/welcome/index.html.erb (8.4ms)
Completed 200 OK in 67ms (Views: 20.1ms | ActiveRecord: 0.0ms)


Started GET "/" for 127.0.0.1 at 2018-03-29 20:40:06 -0400
  
ActionController::RoutingError (undefined method `helper_method' for ApplicationHelper:Module):
  
app/helpers/application_helper.rb:2:in `<module:ApplicationHelper>'
app/helpers/application_helper.rb:1:in `<top (required)>'
app/controllers/application_controller.rb:1:in `<top (required)>'
app/controllers/home_controller.rb:1:in `<top (required)>'
Started GET "/" for 127.0.0.1 at 2018-03-31 13:30:33 -0400
  [1m[35m (0.2ms)[0m  [1m[34mSELECT "schema_migrations"."version" FROM "schema_migrations" ORDER BY "schema_migrations"."version" ASC[0m
Processing by HomeController#index as HTML
  Rendering home/index.haml within layouts/application
  Rendered home/index.haml within layouts/application (125.0ms)
Completed 200 OK in 1453ms (Views: 1447.6ms | ActiveRecord: 0.0ms)


Started GET "/" for 127.0.0.1 at 2018-03-31 13:36:29 -0400
Processing by HomeController#index as HTML
  Rendering home/index.haml within layouts/application
  Rendered home/index.haml within layouts/application (1.6ms)
Completed 500 Internal Server Error in 4ms (ActiveRecord: 0.0ms)


  
SyntaxError (/home/jin/dev/RecipeBook/app/views/home/index.haml:4: syntax error, unexpected $undefined, expecting ')'
....to_s);; _hamlout.buffer << ("\n".freeze);::Haml::Util.html_...
...                              ^
/home/jin/dev/RecipeBook/app/views/home/index.haml:7: unterminated string meets end of file
          end
             ^
/home/jin/dev/RecipeBook/app/views/home/index.haml:7: syntax error, unexpected end-of-input, expecting ')'
          end
             ^):
  
app/views/home/index.haml:4: syntax error, unexpected $undefined, expecting ')'
app/views/home/index.haml:7: unterminated string meets end of file
app/views/home/index.haml:7: syntax error, unexpected end-of-input, expecting ')'
Started GET "/" for 127.0.0.1 at 2018-03-31 13:46:40 -0400
Processing by HomeController#index as HTML
  Rendering home/index.haml within layouts/application
  Rendered home/index.haml within layouts/application (3.8ms)
Completed 500 Internal Server Error in 11ms (ActiveRecord: 0.0ms)


  
SyntaxError (/home/jin/dev/RecipeBook/app/views/home/index.haml:4: syntax error, unexpected $undefined, expecting ')'
....to_s);; _hamlout.buffer << ("\n".freeze);::Haml::Util.html_...
...                              ^
/home/jin/dev/RecipeBook/app/views/home/index.haml:7: unterminated string meets end of file
          end
             ^
/home/jin/dev/RecipeBook/app/views/home/index.haml:7: syntax error, unexpected end-of-input, expecting ')'
          end
             ^):
  
app/views/home/index.haml:4: syntax error, unexpected $undefined, expecting ')'
app/views/home/index.haml:7: unterminated string meets end of file
app/views/home/index.haml:7: syntax error, unexpected end-of-input, expecting ')'
Started GET "/" for 127.0.0.1 at 2018-03-31 13:46:41 -0400
Processing by HomeController#index as HTML
  Rendering home/index.haml within layouts/application
  Rendered home/index.haml within layouts/application (1.1ms)
Completed 500 Internal Server Error in 3ms (ActiveRecord: 0.0ms)


  
SyntaxError (/home/jin/dev/RecipeBook/app/views/home/index.haml:4: syntax error, unexpected $undefined, expecting ')'
....to_s);; _hamlout.buffer << ("\n".freeze);::Haml::Util.html_...
...                              ^
/home/jin/dev/RecipeBook/app/views/home/index.haml:7: unterminated string meets end of file
          end
             ^
/home/jin/dev/RecipeBook/app/views/home/index.haml:7: syntax error, unexpected end-of-input, expecting ')'
          end
             ^):
  
app/views/home/index.haml:4: syntax error, unexpected $undefined, expecting ')'
app/views/home/index.haml:7: unterminated string meets end of file
app/views/home/index.haml:7: syntax error, unexpected end-of-input, expecting ')'
Started GET "/" for 127.0.0.1 at 2018-03-31 13:47:09 -0400
Processing by HomeController#index as HTML
  Rendering home/index.haml within layouts/application
  Rendered home/index.haml within layouts/application (1.3ms)
Completed 500 Internal Server Error in 4ms (ActiveRecord: 0.0ms)


  
SyntaxError (/home/jin/dev/RecipeBook/app/views/home/index.haml:4: syntax error, unexpected $undefined, expecting ')'
....to_s);; _hamlout.buffer << ("\n".freeze);::Haml::Util.html_...
...                              ^
/home/jin/dev/RecipeBook/app/views/home/index.haml:7: unterminated string meets end of file
          end
             ^
/home/jin/dev/RecipeBook/app/views/home/index.haml:7: syntax error, unexpected end-of-input, expecting ')'
          end
             ^):
  
app/views/home/index.haml:4: syntax error, unexpected $undefined, expecting ')'
app/views/home/index.haml:7: unterminated string meets end of file
app/views/home/index.haml:7: syntax error, unexpected end-of-input, expecting ')'
Started GET "/" for 127.0.0.1 at 2018-03-31 13:50:55 -0400
Processing by HomeController#index as HTML
  Rendering home/index.haml within layouts/application
  Rendered devise/sessions/_new.html.erb (252.5ms)
  Rendered home/index.haml within layouts/application (254.4ms)
Completed 500 Internal Server Error in 257ms (ActiveRecord: 0.6ms)


  
ActionView::Template::Error (undefined local variable or method `resource_name' for #<#<Class:0x000055b57f95b3b8>:0x00007f8cec207148>
Did you mean?  resource_Name
               resource_class):
    1: <h2>Log in</h2>
    2: 
    3: <%= form_for(resource, as: resource_name, url: session_path(resource_name)) do |f| %>
    4:   <div class="field">
    5:     <%= f.label :email %><br />
    6:     <%= f.email_field :email, autofocus: true, autocomplete: "email" %>
  
app/views/devise/sessions/_new.html.erb:3:in `_app_views_devise_sessions__new_html_erb__3464013999283792232_70121616716680'
app/views/home/index.haml:1:in `_app_views_home_index_haml__1944592626762945529_70121616850200'
Started GET "/" for 127.0.0.1 at 2018-03-31 13:51:17 -0400
Processing by HomeController#index as HTML
  Rendering home/index.haml within layouts/application
  Rendered devise/shared/_links.html.erb (1.1ms)
  Rendered devise/sessions/_new.html.erb (38.2ms)
  Rendered devise/shared/_links.html.erb (0.2ms)
  Rendered devise/registrations/_new.html.erb (2.3ms)
  Rendered home/index.haml within layouts/application (43.9ms)
Completed 200 OK in 65ms (Views: 64.4ms | ActiveRecord: 20.2ms)


